<?xml version="1.0" encoding="UTF-8" ?>
<testsuite failures="0" time="1.162" errors="0" skipped="0" tests="8" name="de.forsthaus.test.backend.dao.TestCountryCodeDAO">
  <properties>
[...]
</properties>
  <testcase time="0.265" classname="de.forsthaus.test.backend.dao.TestCountryCodeDAO" name="getNewCountryCode"/>
  <testcase time="0.109" classname="de.forsthaus.test.backend.dao.TestCountryCodeDAO" name="getAllCountryCodes"/>
  <testcase time="0.179" classname="de.forsthaus.test.backend.dao.TestCountryCodeDAO" name="getCountryCodeById"/>
  <testcase time="0.125" classname="de.forsthaus.test.backend.dao.TestCountryCodeDAO" name="deleteCountryCode"/>
  <testcase time="0.115" classname="de.forsthaus.test.backend.dao.TestCountryCodeDAO" name="saveCountryCode"/>
  <testcase time="0.091" classname="de.forsthaus.test.backend.dao.TestCountryCodeDAO" name="getCountAllCountryCodes"/>
  <testcase time="0.159" classname="de.forsthaus.test.backend.dao.TestCountryCodeDAO" name="getCountryCodeByCode2"/>
  <testcase time="0.116" classname="de.forsthaus.test.backend.dao.TestCountryCodeDAO" name="saveOrUpdateCountryCode"/>
</testsuite>