<?xml version="1.0" encoding="UTF-8" ?>
<testsuite failures="0" time="1.08" errors="0" skipped="0" tests="8" name="de.forsthaus.test.backend.dao.TestCountryCodeDAO">
  <properties>
[...]
</properties>
  <testcase time="0.112" classname="de.forsthaus.test.backend.dao.TestCountryCodeDAO" name="getNewCountryCode"/>
  <testcase time="0.101" classname="de.forsthaus.test.backend.dao.TestCountryCodeDAO" name="getAllCountryCodes"/>
  <testcase time="0.105" classname="de.forsthaus.test.backend.dao.TestCountryCodeDAO" name="getCountAllCountryCodes"/>
  <testcase time="0.094" classname="de.forsthaus.test.backend.dao.TestCountryCodeDAO" name="getCountryCodeById"/>
  <testcase time="0.088" classname="de.forsthaus.test.backend.dao.TestCountryCodeDAO" name="getCountryCodeByCode2"/>
  <testcase time="0.302" classname="de.forsthaus.test.backend.dao.TestCountryCodeDAO" name="saveOrUpdateCountryCode"/>
  <testcase time="0.123" classname="de.forsthaus.test.backend.dao.TestCountryCodeDAO" name="deleteCountryCode"/>
  <testcase time="0.153" classname="de.forsthaus.test.backend.dao.TestCountryCodeDAO" name="saveCountryCode"/>
</testsuite>